Arguments: 
  /usr/local/bin/node /usr/local/bin/yarn add react-multi-carousel --save

PATH: 
  /usr/local/bin:/usr/bin:/bin:/usr/sbin:/sbin:/usr/local/share/dotnet:~/.dotnet/tools

Yarn version: 
  1.22.19

Node version: 
  20.0.0

Platform: 
  darwin x64

Trace: 
  Error [ERR_SOCKET_CONNECTION_TIMEOUT]: Socket connection timeout
      at new NodeError (node:internal/errors:399:5)
      at internalConnectMultiple (node:net:1098:20)
      at Timeout.internalConnectMultipleTimeout (node:net:1637:3)
      at listOnTimeout (node:internal/timers:575:11)
      at process.processTimers (node:internal/timers:514:7)

npm manifest: 
  {
    "name": "next-app",
    "version": "0.1.0",
    "private": true,
    "scripts": {
      "dev": "next dev",
      "build": "next build",
      "start": "next start",
      "lint": "next lint"
    },
    "dependencies": {
      "bcrypt": "^5.1.1",
      "framer-motion": "^11.3.30",
      "mongodb": "^6.8.0",
      "mongoose": "^8.5.2",
      "next": "14.2.5",
      "next-auth": "^4.24.7",
      "nodemailer": "^6.9.14",
      "react": "^18",
      "react-dom": "^18",
      "react-intersection-observer": "^9.13.0"
    },
    "devDependencies": {
      "postcss": "^8",
      "tailwindcss": "^3.4.1"
    }
  }

yarn manifest: 
  No manifest

Lockfile: 
  No lockfile
